[15:56:31] [main/INFO]: Loading Minecraft 1.20.1 with Fabric Loader 0.15.3
[15:56:31] [main/INFO]: Loading 66 mods:
	- appleskin 2.5.1+mc1.20
	   \-- cloth-config 11.0.99
	        \-- cloth-basic-math 0.6.1
	- architectury 9.1.12
	- clumps 12.0.0.3
	- cobblemon 1.4.1+1.20.1
	- collective 7.26
	- dismountentity 3.2
	- fabric-api 0.91.0+1.20.1
	   |-- fabric-api-base 0.4.30+7abfd51577
	   |-- fabric-api-lookup-api-v1 1.6.35+4d8536c977
	   |-- fabric-biome-api-v1 13.0.12+215bbe9677
	   |-- fabric-block-api-v1 1.0.10+92a0d36777
	   |-- fabric-block-view-api-v2 1.0.0+92a0d36777
	   |-- fabric-blockrenderlayer-v1 1.1.40+b3afc78b77
	   |-- fabric-client-tags-api-v1 1.1.1+97bb207577
	   |-- fabric-command-api-v1 1.2.33+f71b366f77
	   |-- fabric-command-api-v2 2.2.12+b3afc78b77
	   |-- fabric-commands-v0 0.2.50+df3654b377
	   |-- fabric-containers-v0 0.1.63+df3654b377
	   |-- fabric-content-registries-v0 4.0.10+57aed33f77
	   |-- fabric-convention-tags-v1 1.5.4+a1a980da77
	   |-- fabric-crash-report-info-v1 0.2.18+aeb40ebe77
	   |-- fabric-data-generation-api-v1 12.3.3+d7b148e077
	   |-- fabric-dimensions-v1 2.1.53+8536527b77
	   |-- fabric-entity-events-v1 1.5.22+b3afc78b77
	   |-- fabric-events-interaction-v0 0.6.1+e91849a877
	   |-- fabric-events-lifecycle-v0 0.2.62+df3654b377
	   |-- fabric-game-rule-api-v1 1.0.39+ae9f657a77
	   |-- fabric-item-api-v1 2.1.27+b3afc78b77
	   |-- fabric-item-group-api-v1 4.0.11+d7b148e077
	   |-- fabric-key-binding-api-v1 1.0.36+fb8d95da77
	   |-- fabric-keybindings-v0 0.2.34+df3654b377
	   |-- fabric-lifecycle-events-v1 2.2.21+b3afc78b77
	   |-- fabric-loot-api-v2 1.2.0+96dfa95977
	   |-- fabric-loot-tables-v1 1.1.44+9e7660c677
	   |-- fabric-message-api-v1 5.1.8+d7b148e077
	   |-- fabric-mining-level-api-v1 2.1.49+b3afc78b77
	   |-- fabric-model-loading-api-v1 1.0.2+709a987177
	   |-- fabric-models-v0 0.4.1+9386d8a777
	   |-- fabric-networking-api-v1 1.3.10+eeb8eb3677
	   |-- fabric-networking-v0 0.3.50+df3654b377
	   |-- fabric-object-builder-api-v1 11.1.2+4ee0bc6077
	   |-- fabric-particles-v1 1.1.1+201a23a077
	   |-- fabric-recipe-api-v1 1.0.20+b3afc78b77
	   |-- fabric-registry-sync-v0 2.3.2+4df89eb277
	   |-- fabric-renderer-api-v1 3.2.0+39a511ba77
	   |-- fabric-renderer-indigo 1.5.0+39a511ba77
	   |-- fabric-renderer-registries-v1 3.2.45+df3654b377
	   |-- fabric-rendering-data-attachment-v1 0.3.36+92a0d36777
	   |-- fabric-rendering-fluids-v1 3.0.27+b3afc78b77
	   |-- fabric-rendering-v0 1.1.48+df3654b377
	   |-- fabric-rendering-v1 3.0.7+b3afc78b77
	   |-- fabric-resource-conditions-api-v1 2.3.7+29de845d77
	   |-- fabric-resource-loader-v0 0.11.9+132c48c177
	   |-- fabric-screen-api-v1 2.0.7+b3afc78b77
	   |-- fabric-screen-handler-api-v1 1.3.29+b3afc78b77
	   |-- fabric-sound-api-v1 1.0.12+b3afc78b77
	   |-- fabric-transfer-api-v1 3.3.3+c81d263177
	   \-- fabric-transitive-access-wideners-v1 4.3.0+6c31357e77
	- fabricloader 0.15.3
	   \-- mixinextras 0.3.2
	- ferritecore 6.0.1
	- java 21
	- krypton 0.2.3
	   \-- com_velocitypowered_velocity-native 3.2.0-SNAPSHOT
	- letmedespawn 1.2.0
	- lithium 0.11.2
	- memoryleakfix 1.1.2
	- minecraft 1.20.1
	- monsters_in_the_closet 1.0.3+1.20
	- showmeyourskin 1.6.11+1.20
	   |-- cardinal-components-base 5.2.1
	   |-- cardinal-components-entity 5.2.1
	   \-- cicada 0.4.0
	- slimyfloor 1.20-1.2.8
	- starlight 1.1.2+fabric.dbc156f
	- superflatworldnoslimes 3.2
	- threadtweak 1.20.2-0.1.1
[15:56:32] [main/INFO]: SpongePowered MIXIN Subsystem Version=0.8.5 Source=file:/C:/Users/Luc/Documents/Repositories/MinecraftPokemon2024/libraries/net/fabricmc/sponge-mixin/0.12.5+mixin.0.8.5/sponge-mixin-0.12.5+mixin.0.8.5.jar Service=Knot/Fabric Env=SERVER
[15:56:32] [main/INFO]: Compatibility level set to JAVA_17
[15:56:32] [main/INFO]: Loaded configuration file for Lithium: 115 options available, 2 override(s) found
[15:56:32] [main/WARN]: Force-disabling mixin 'alloc.blockstate.StateMixin' as rule 'mixin.alloc.blockstate' (added by mods [ferritecore]) disables it and children
[15:56:32] [main/WARN]: Force-disabling mixin 'world.player_chunk_tick.ThreadedAnvilChunkStorageMixin' as rule 'mixin.world.player_chunk_tick' (added by mods [krypton]) disables it and children
[15:56:32] [main/WARN]: Error loading class: net/minecraft/class_310 (java.lang.ClassNotFoundException: net/minecraft/class_310)
[15:56:32] [main/WARN]: @Mixin target net.minecraft.class_310 was not found monsters_in_the_closet.mixins.json:MinecraftClientMixin from mod monsters_in_the_closet
[15:56:32] [main/INFO]: [MemoryLeakFix] Will be applying 1 memory leak fixes!
[15:56:32] [main/INFO]: [MemoryLeakFix] Currently enabled memory leak fixes: [biomeTemperatureLeak]
[15:56:33] [main/INFO]: Initializing MixinExtras via com.llamalad7.mixinextras.service.MixinExtrasServiceImpl(version=0.3.2).
[15:56:33] [main/INFO]: ThreadTweak config initialized
[15:56:41] [main/INFO]: Booting LaxPermissionValidator, permissions will be checked using Minecrafts permission level system, see https://minecraft.fandom.com/wiki/Permission_level
[15:56:42] [main/ERROR]: No data fixer registered for cobblemon:pokemon
[15:56:42] [main/ERROR]: No data fixer registered for cobblemon:empty_pokeball
[15:56:42] [main/ERROR]: No data fixer registered for cobblemon:boat
[15:56:42] [main/ERROR]: No data fixer registered for cobblemon:chest_boat
[15:56:43] [main/INFO]: Starting the Best Spawner...
[15:56:43] [main/INFO]: Loaded 5 spawning condition types.
[15:56:43] [main/INFO]: Loaded 5 spawning context types.
[15:56:43] [main/INFO]: Loaded 1 spawn detail types.
[15:56:44] [Cobblemon Showdown/INFO]: Starting showdown service...
[15:56:47] [Cobblemon Showdown/INFO]: Showdown has been started!
[15:56:47] [main/INFO]: Note: Cobblemon data registries are only loaded once per server instance as Pokémon species are not safe to reload.
[15:56:47] [main/INFO]: Registered the cobblemon:species_features registry
[15:56:47] [main/INFO]: Registered the cobblemon:global_species_features registry
[15:56:47] [main/INFO]: Registered the cobblemon:species_feature_assignments registry
[15:56:47] [main/INFO]: Registered the cobblemon:moves registry
[15:56:47] [main/INFO]: Registered the cobblemon:abilities registry
[15:56:47] [main/INFO]: Registered the cobblemon:species registry
[15:56:47] [main/INFO]: Registered the cobblemon:species_additions registry
[15:56:47] [main/INFO]: Registered the cobblemon:pokeballs registry
[15:56:47] [main/INFO]: Registered the cobblemon:properties_tab_completion registry
[15:56:47] [main/INFO]: Registered the cobblemon:spawn_detail_presets registry
[15:56:47] [main/INFO]: Registered the cobblemon:mechanics registry
[15:56:47] [main/INFO]: Registered the cobblemon:bag_items registry
[15:56:47] [main/INFO]: Registered the cobblemon:spawn_pool_world registry
[15:56:48] [main/INFO]: Registered the cobblemon:berries registry
[15:56:48] [main/INFO]: Loading Collective version 7.26.
[15:56:48] [main/INFO]: Compression will use Java, encryption will use Java
[15:56:48] [main/INFO]: Krypton is now accelerating your Minecraft server's networking stack 🚀
[15:56:48] [main/INFO]: SlimyFloor 1.20-1.2.8 loaded
[15:56:48] [main/INFO]: Environment: authHost='https://authserver.mojang.com', accountsHost='https://api.mojang.com', sessionHost='https://sessionserver.mojang.com', servicesHost='https://api.minecraftservices.com', name='PROD'
[15:56:52] [main/INFO]: Loaded 7 recipes
[15:56:52] [main/INFO]: Loaded 1558 advancements
[15:56:57] [main/INFO]: Loaded 921 moves
[15:56:57] [main/INFO]: Loaded 310 abilities
[15:56:58] [main/INFO]: Finished additions
[15:56:59] [main/INFO]: Imported 185 held item IDs from showdown
[15:56:59] [main/INFO]: Loaded 1018 Pokémon species
[15:56:59] [main/INFO]: Loaded 32 spawn detail presets.
[15:56:59] [main/INFO]: Starting dummy Showdown battle to force it to pre-load data.
[15:57:00] [main/ERROR]: Unknown preset name: underground.
[15:57:00] [main/INFO]: Loaded 69 berries
[15:57:01] [main/INFO]: Applied 534 biome modifications to 64 of 64 new biomes in 30.49 ms
[15:57:01] [Server thread/INFO]: Starting minecraft server version 1.20.1
[15:57:01] [Server thread/INFO]: Loading properties
[15:57:01] [Server thread/INFO]: Default game type: SURVIVAL
[15:57:01] [Server thread/INFO]: Generating keypair
[15:57:01] [Server thread/INFO]: Starting Minecraft server on *:25565
[15:57:01] [Server thread/INFO]: Using default channel type
[15:57:01] [Server thread/INFO]: Preparing level "world"
[15:57:02] [Server thread/INFO]: Preparing start region for dimension minecraft:overworld
[15:57:05] [Worker-Main-16/INFO]: Preparing spawn area: 0%
[15:57:05] [Worker-Main-3/INFO]: Preparing spawn area: 0%
[15:57:05] [Worker-Main-16/INFO]: Preparing spawn area: 0%
[15:57:05] [Worker-Main-3/INFO]: Preparing spawn area: 0%
[15:57:05] [Worker-Main-16/INFO]: Preparing spawn area: 0%
[15:57:05] [Worker-Main-16/INFO]: Preparing spawn area: 0%
[15:57:05] [Worker-Main-4/INFO]: Preparing spawn area: 11%
[15:57:06] [Worker-Main-3/INFO]: Preparing spawn area: 68%
[15:57:06] [Server thread/INFO]: Time elapsed: 3719 ms
[15:57:06] [Server thread/INFO]: Done (5.073s)! For help, type "help"
[16:02:12] [User Authenticator #1/INFO]: UUID of player LucNaril is b30d50ce-de53-4250-9132-cd6aa91040a3
[16:02:13] [Server thread/INFO]: LucNaril[/127.0.0.1:52051] logged in with entity id 53 at (107.1069543546803, 73.5625, -675.9352485851915)
[16:02:13] [Netty Server IO #2/INFO]: [showmeyourskin] Client of LucNaril accepted server config.
[16:02:13] [Server thread/INFO]: LucNaril joined the game
[17:51:35] [Server thread/INFO]: LucNaril lost connection: Disconnected
[17:51:35] [Server thread/INFO]: LucNaril left the game
[17:52:03] [Server thread/INFO]: /advancement (grant|revoke)
[17:52:03] [Server thread/INFO]: /attribute <target> <attribute> (get|base|modifier)
[17:52:03] [Server thread/INFO]: /execute (run|if|unless|as|at|store|positioned|rotated|facing|align|anchored|in|summon|on)
[17:52:03] [Server thread/INFO]: /bossbar (add|remove|list|set|get)
[17:52:03] [Server thread/INFO]: /clear [<targets>]
[17:52:03] [Server thread/INFO]: /clone (<begin>|from)
[17:52:03] [Server thread/INFO]: /damage <target> <amount> [<damageType>]
[17:52:03] [Server thread/INFO]: /data (merge|get|remove|modify)
[17:52:03] [Server thread/INFO]: /datapack (enable|disable|list)
[17:52:03] [Server thread/INFO]: /debug (start|stop|function)
[17:52:03] [Server thread/INFO]: /defaultgamemode <gamemode>
[17:52:03] [Server thread/INFO]: /difficulty [peaceful|easy|normal|hard]
[17:52:03] [Server thread/INFO]: /effect (clear|give)
[17:52:03] [Server thread/INFO]: /me <action>
[17:52:03] [Server thread/INFO]: /enchant <targets> <enchantment> [<level>]
[17:52:03] [Server thread/INFO]: /experience (add|set|query)
[17:52:03] [Server thread/INFO]: /xp -> experience
[17:52:03] [Server thread/INFO]: /fill <from> <to> <block> [replace|keep|outline|hollow|destroy]
[17:52:03] [Server thread/INFO]: /fillbiome <from> <to> <biome> [replace]
[17:52:03] [Server thread/INFO]: /forceload (add|remove|query)
[17:52:03] [Server thread/INFO]: /function <name>
[17:52:03] [Server thread/INFO]: /gamemode <gamemode> [<target>]
[17:52:03] [Server thread/INFO]: /gamerule (announceAdvancements|blockExplosionDropDecay|commandBlockOutput|commandModificationBlockLimit|disableElytraMovementCheck|disableRaids|doDaylightCycle|doEntityDrops|doFireTick|doImmediateRespawn|doInsomnia|doLimitedCrafting|doMobLoot|doMobSpawning|doPatrolSpawning|doPokemonLoot|doPokemonSpawning|doShinyStarters|doTileDrops|doTraderSpawning|doVinesSpread|doWardenSpawning|doWeatherCycle|drowningDamage|fallDamage|fireDamage|forgiveDeadPlayers|freezeDamage|globalSoundEvents|keepInventory|lavaSourceConversion|logAdminCommands|maxCommandChainLength|maxEntityCramming|mobExplosionDropDecay|mobGriefing|naturalRegeneration|playersSleepingPercentage|randomTickSpeed|reducedDebugInfo|sendCommandFeedback|showDeathMessages|snowAccumulationHeight|spawnRadius|spectatorsGenerateChunks|tntExplosionDropDecay|universalAnger|waterSourceConversion)
[17:52:03] [Server thread/INFO]: /give <targets> <item> [<count>]
[17:52:03] [Server thread/INFO]: /help [<command>]
[17:52:03] [Server thread/INFO]: /item (replace|modify)
[17:52:03] [Server thread/INFO]: /kick <targets> [<reason>]
[17:52:03] [Server thread/INFO]: /kill [<targets>]
[17:52:03] [Server thread/INFO]: /list [uuids]
[17:52:03] [Server thread/INFO]: /locate (structure|biome|poi)
[17:52:03] [Server thread/INFO]: /loot (replace|insert|give|spawn)
[17:52:03] [Server thread/INFO]: /msg <targets> <message>
[17:52:03] [Server thread/INFO]: /tell -> msg
[17:52:03] [Server thread/INFO]: /w -> msg
[17:52:03] [Server thread/INFO]: /particle <name> [<pos>]
[17:52:03] [Server thread/INFO]: /place (feature|jigsaw|structure|template)
[17:52:03] [Server thread/INFO]: /playsound <sound> (master|music|record|weather|block|hostile|neutral|player|ambient|voice)
[17:52:03] [Server thread/INFO]: /reload
[17:52:03] [Server thread/INFO]: /recipe (give|take)
[17:52:03] [Server thread/INFO]: /return <value>
[17:52:03] [Server thread/INFO]: /ride <target> (mount|dismount)
[17:52:03] [Server thread/INFO]: /say <message>
[17:52:03] [Server thread/INFO]: /schedule (function|clear)
[17:52:03] [Server thread/INFO]: /scoreboard (objectives|players)
[17:52:03] [Server thread/INFO]: /seed
[17:52:03] [Server thread/INFO]: /setblock <pos> <block> [destroy|keep|replace]
[17:52:03] [Server thread/INFO]: /spawnpoint [<targets>]
[17:52:03] [Server thread/INFO]: /setworldspawn [<pos>]
[17:52:03] [Server thread/INFO]: /spectate [<target>]
[17:52:03] [Server thread/INFO]: /spreadplayers <center> <spreadDistance> <maxRange> (<respectTeams>|under)
[17:52:03] [Server thread/INFO]: /stopsound <targets> [*|master|music|record|weather|block|hostile|neutral|player|ambient|voice]
[17:52:03] [Server thread/INFO]: /summon <entity> [<pos>]
[17:52:03] [Server thread/INFO]: /tag <targets> (add|remove|list)
[17:52:03] [Server thread/INFO]: /team (list|add|remove|empty|join|leave|modify)
[17:52:03] [Server thread/INFO]: /teammsg <message>
[17:52:03] [Server thread/INFO]: /tm -> teammsg
[17:52:03] [Server thread/INFO]: /teleport (<location>|<destination>|<targets>)
[17:52:03] [Server thread/INFO]: /tp -> teleport
[17:52:03] [Server thread/INFO]: /tellraw <targets> <message>
[17:52:03] [Server thread/INFO]: /time (set|add|query)
[17:52:03] [Server thread/INFO]: /title <targets> (clear|reset|title|subtitle|actionbar|times)
[17:52:03] [Server thread/INFO]: /trigger <objective> [add|set]
[17:52:03] [Server thread/INFO]: /weather (clear|rain|thunder)
[17:52:03] [Server thread/INFO]: /worldborder (add|set|center|damage|get|warning)
[17:52:03] [Server thread/INFO]: /jfr (start|stop)
[17:52:03] [Server thread/INFO]: /ban-ip <target> [<reason>]
[17:52:03] [Server thread/INFO]: /banlist [ips|players]
[17:52:03] [Server thread/INFO]: /ban <targets> [<reason>]
[17:52:03] [Server thread/INFO]: /deop <targets>
[17:52:03] [Server thread/INFO]: /op <targets>
[17:52:03] [Server thread/INFO]: /pardon <targets>
[17:52:03] [Server thread/INFO]: /pardon-ip <target>
[17:52:03] [Server thread/INFO]: /perf (start|stop)
[17:52:03] [Server thread/INFO]: /save-all [flush]
[17:52:03] [Server thread/INFO]: /save-off
[17:52:03] [Server thread/INFO]: /save-on
[17:52:03] [Server thread/INFO]: /setidletimeout <minutes>
[17:52:03] [Server thread/INFO]: /stop
[17:52:03] [Server thread/INFO]: /whitelist (on|off|list|add|remove|reload)
[17:52:03] [Server thread/INFO]: /spawnpokemon <properties>
[17:52:03] [Server thread/INFO]: /pokespawn <properties>
[17:52:03] [Server thread/INFO]: /spawnpokemonat <pos> <properties>
[17:52:03] [Server thread/INFO]: /pokespawnat <pos> <properties>
[17:52:03] [Server thread/INFO]: /givepokemon <properties>
[17:52:03] [Server thread/INFO]: /pokegive <properties>
[17:52:03] [Server thread/INFO]: /givepokemonother <player> <properties>
[17:52:03] [Server thread/INFO]: /pokegiveother <player> <properties>
[17:52:03] [Server thread/INFO]: /takepokemon <player> <slot>
[17:52:03] [Server thread/INFO]: /changescaleandsize <pokemon> [<scale>]
[17:52:03] [Server thread/INFO]: /changewalkspeed [<pokemon>]
[17:52:03] [Server thread/INFO]: /testcommand
[17:52:03] [Server thread/INFO]: /reloadshowdown
[17:52:03] [Server thread/INFO]: /pokemonedit <slot> <properties>
[17:52:03] [Server thread/INFO]: /pokeedit <slot> <properties>
[17:52:03] [Server thread/INFO]: /pokemoneditother <player> <slot> <properties>
[17:52:03] [Server thread/INFO]: /pokeeditother <player> <slot> <properties>
[17:52:03] [Server thread/INFO]: /teach <player> <slot> <move>
[17:52:03] [Server thread/INFO]: /levelup <player> <slot>
[17:52:03] [Server thread/INFO]: /healpokemon [<player>]
[17:52:03] [Server thread/INFO]: /pokeheal [<player>]
[17:52:03] [Server thread/INFO]: /stopbattle <player>
[17:52:03] [Server thread/INFO]: /checkspawn
[17:52:03] [Server thread/INFO]: /openstarterscreen <player>
[17:52:03] [Server thread/INFO]: /friendship <slot>
[17:52:03] [Server thread/INFO]: /held_item <target> <slot> <item>
[17:52:03] [Server thread/INFO]: /pc
[17:52:03] [Server thread/INFO]: /spawnpokemonfrompool [<amount>]
[17:52:03] [Server thread/INFO]: /forcespawn [<amount>]
[17:52:03] [Server thread/INFO]: /pokebox <player> <slot> [<box>]
[17:52:03] [Server thread/INFO]: /pokeboxall <player> [<box>]
[17:52:03] [Server thread/INFO]: /teststore <player> <store> <properties>
[17:52:03] [Server thread/INFO]: /querylearnset <player> <slot> <move>
[17:52:03] [Server thread/INFO]: /testpcslot <player> <box> <slot> <properties>
[17:52:03] [Server thread/INFO]: /testpartyslot <player> <slot> <properties>
[17:52:03] [Server thread/INFO]: /clearparty <player>
[17:52:03] [Server thread/INFO]: /clearpc <player>
[17:52:03] [Server thread/INFO]: /pokemonrestart [<reset_starters>]
[17:52:03] [Server thread/INFO]: /pokerestart [<reset_starters>]
[17:52:03] [Server thread/INFO]: /pokemonrestartother <player> [<reset_starters>]
[17:52:03] [Server thread/INFO]: /pokerestartother <player> [<reset_starters>]
[17:52:03] [Server thread/INFO]: /bedrockparticle <effect> (<target>|<world>)
[17:53:35] [Server thread/INFO]: Stopping the server
[17:53:35] [Server thread/INFO]: Stopping server
[17:53:35] [Server thread/INFO]: Saving players
[17:53:35] [Server thread/INFO]: Saving worlds
[17:53:35] [Server thread/INFO]: Saving chunks for level 'ServerLevel[world]'/minecraft:overworld
[17:53:35] [Server thread/INFO]: Saving chunks for level 'ServerLevel[world]'/minecraft:the_end
[17:53:35] [Server thread/INFO]: Saving chunks for level 'ServerLevel[world]'/minecraft:the_nether
[17:53:35] [Server thread/INFO]: ThreadedAnvilChunkStorage (world): All chunks are saved
[17:53:35] [Server thread/INFO]: ThreadedAnvilChunkStorage (DIM1): All chunks are saved
[17:53:35] [Server thread/INFO]: ThreadedAnvilChunkStorage (DIM-1): All chunks are saved
[17:53:35] [Server thread/INFO]: ThreadedAnvilChunkStorage: All dimensions are saved
